45 574 9577 3834 2865 9543 1558 3203 8999 5156 6398 2760 1809 4793 8817 1898 8798 3348 9786 5977 5469 7762 2979 6780 4271 1320 1375 5762 5098 4553 8307 9069 6457 5811 1399 2404 3454 293 1714 5210 3307 899 6655 2964 4920 4111
49 7024 7749 9193 4812 6363 7046 8444 8559 9546 6124 8205 7818 9268 458 2763 839 9304 879 9575 9502 4382 4236 8094 1027 4342 8340 9968 9135 116 9159 1019 8497 2333 9611 107 8005 860 8226 5665 6395 8145 4357 7876 412 4218 5385 9610 2343 4533
47 3545 508 9867 5833 250 9779 576 4213 8042 8491 4452 4980 1441 6191 2175 8466 4070 9145 6471 4701 3793 9935 8169 3231 2741 525 4777 6383 9095 6292 2300 1413 88 4148 7149 6061 5879 5846 3915 5921 2006 1227 3836 5604 8452 2416 2764
49 6373 7507 1930 1705 4229 5919 9887 1342 4782 2702 6392 3214 8270 6587 5338 5240 2265 2081 3188 7764 6696 2681 8719 2033 3019 6811 9592 4528 1111 9380 1317 3910 6080 5392 1595 5014 5512 5318 4075 6593 7172 4816 4333 7775 3544 8455 2750 7509 9178
48 699 3083 7846 1281 8338 863 7066 361 7998 1304 2571 494 1435 5695 9897 5670 3649 7079 5432 2554 4309 3677 8064 979 7891 1422 3031 4420 910 5205 4118 3534 8343 4371 9784 5829 7 3895 3599 9288 9085 382 6270 8688 9699 4402 4799 8881
48 7329 202 1635 1759 5399 967 1091 291 3273 5135 5582 9726 3178 7857 194 4716 5581 8374 2672 7605 134 8801 1487 997 5069 8574 3040 3579 7911 5143 9777 303 3961 1203 7234 5033 3314 4135 6370 6687 4992 9666 6697 1197 2442 3703 5265 4474
49 5439 5065 8655 6605 9803 3794 7778 8229 736 8105 8218 3841 9072 7533 2784 9106 6467 2902 5531 8907 1723 483 6630 5474 4387 3060 3062 1962 4132 5574 7228 9957 2601 5307 602 5077 4876 9698 4267 4831 4759 9852 9692 4619 4222 4858 8274 163 1891
45 7706 3440 3017 7266 6936 1411 8077 4524 394 3360 5655 608 2491 7813 3564 8263 6795 1393 9615 7063 1944 7771 468 7251 4908 4094 6323 5409 828 8733 8805 9998 6964 3926 3467 1228 5983 770 6698 5344 1834 1773 6993 8592 8908
49 9213 3261 5694 87 4645 6429 993 7677 6548 8911 6884 6071 6802 2875 1963 5705 3681 3034 3248 1767 3098 7646 926 4708 549 2657 2433 5572 2720 5568 200 2105 3769 450 8856 8520 1806 395 2670 6263 513 9289 2790 2596 9001 5046 7968 7052 2193
45 1523 9704 3452 7784 9609 7009 5835 1287 4785 6119 2626 5091 2544 5329 1059 3346 1269 8915 131 3935 3638 8256 4698 698 5810 7633 6793 6817 8716 2074 6407 9799 5716 1368 7862 9448 8765 5995 4495 4976 5402 3253 790 2704 6649
49 336 49 1384 4681 4433 1861 4514 8833 5871 5429 9993 610 1074 2436 7130 8965 2836 2518 1599 676 6040 9693 5749 2443 1606 4068 2349 183 9752 9426 7452 4629 8572 4323 812 8724 1374 4597 6989 2154 8029 531 6804 9808 7602 1522 8992 7017 4204
51 9035 7446 1625 2296 9194 7379 6765 1934 4062 5199 7004 4738 9232 6244 9427 9739 6254 1941 9182 4566 4453 53 4413 6742 4640 7337 261 8728 3196 970 9787 869 1649 9888 9060 4211 5605 3918 5059 8339 720 6162 2192 8746 6051 4547 971 7708 2771 8858 644
47 370 3815 5272 7512 2516 4750 5737 880 8050 7886 6971 8265 5748 2059 7211 4059 7200 1073 6264 8423 931 22 6899 256 9988 9558 7154 5434 8186 9705 6850 4470 5125 824 5945 4754 7236 5277 339 5293 4216 2111 4424 2664 8073 7293 8291
53 2355 727 7360 8941 2035 5628 5773 9139 9805 3875 8192 7924 172 2683 816 7116 190 1718 2594 6906 5901 6875 2454 8541 6041 5305 6544 7872 7617 6067 9753 1488 2394 2076 9581 7697 9342 6204 171 5444 2742 888 4662 2728 4709 9140 7954 8990 2380 5551 5509 687 3725
46 640 180 9173 6012 2904 6551 7614 9768 8257 6439 1775 5851 4818 9260 5799 5422 7235 4797 4755 2758 6348 6048 3651 5820 6218 1026 6228 9192 2585 5502 6456 4550 6386 9886 92 5066 849 5718 1098 3842 2499 2669 5690 9220 7970 417
52 8100 9115 8404 3134 1405 855 1919 8366 973 3303 6581 3491 9205 1511 1864 4870 5617 7785 8511 8696 3695 7198 6636 8102 1474 3267 8531 124 5132 8024 3899 9924 5988 68 750 6186 2526 8924 7780 7333 3349 4256 7609 659 3648 6900 1127 1051 4996 1761 7713 4128
53 1546 5781 5636 1402 8884 1066 7888 3673 9921 3727 7332 6842 2732 5947 2716 9538 5756 8462 2400 4853 7912 6650 930 4520 2290 3427 6656 5247 1129 152 9424 6984 526 6435 3676 9246 3364 5148 2214 5127 7410 647 9322 3308 105 476 6023 3566 944 4426 7812 3323 7858
51 4131 4609 3117 50 320 1081 9386 2106 516 438 5946 6099 1466 3100 3353 1731 252 2616 1149 3721 8117 1148 5223 9061 6674 5547 5936 7178 7895 4859 4985 4058 6998 2046 6497 4832 6411 7366 5071 9186 7977 5638 7131 5280 7612 9944 8158 8738 5933 9815 2706
49 6796 4456 9625 4026 6540 4532 1003 8804 9740 5371 6994 2830 4867 9509 985 423 3038 7067 891 7183 1645 8383 7286 7201 9622 8085 3741 9706 5138 2739 9259 7015 7127 2959 8093 2813 5480 2409 9391 4666 3094 2762 5438 1040 1708 8624 3032 8018 905
54 6896 7522 2336 6166 9071 6898 4257 4993 5094 7859 5526 3835 9430 2974 4654 7801 5112 1972 5282 3800 5057 7830 552 5802 357 6566 8362 311 1863 6065 6459 6766 3886 5249 4321 3567 4630 6329 3516 365 1138 957 8150 312 1013 8628 91 8735 3696 5006 7416 215 2640 2998
48 4733 9345 2476 4872 1209 960 3435 2363 5111 517 3932 6324 7060 6260 6142 4016 474 3772 9276 8408 5144 4683 1738 2167 5346 1133 2787 7804 1574 5684 5175 4963 5633 1118 7938 67 2848 1835 7483 8583 4458 3755 8647 5487 6354 5296 1230 1136
47 3503 2532 2923 7258 4575 9719 1810 1825 2805 2329 2082 359 5798 2586 6421 7833 6528 2587 3612 5812 8463 4212 8266 6295 8162 4170 8193 5729 137 5306 2242 9165 9674 9499 6352 3968 3390 2275 3050 9631 8725 6997 6535 555 7530 7558 5197
52 4479 6814 7082 9518 3640 7203 3373 3494 6181 5925 6514 5858 5136 2024 8697 2525 427 6797 4078 6241 1033 2354 9668 8729 9253 7885 6628 4020 744 170 522 167 1087 8334 8057 4237 9300 4531 8610 9198 9522 1032 6571 3991 5671 5287 7244 1116 3399 5838 2328 3223
45 7766 9835 1681 9567 8254 7899 854 8349 5186 2102 8596 6577 1918 2679 1274 4621 2572 8384 284 8235 6233 7444 5215 4315 2761 3859 4972 6223 7088 4984 2199 2094 4146 1194 4298 6743 9459 6212 7756 136 1969 6114 5708 2625 4144
47 6579 779 2039 7035 2717 990 6563 8465 9064 8020 7135 6210 7656 2129 7181 9425 1713 3082 4287 3375 9359 6063 1757 12 4279 5255 3742 9873 6378 642 3809 6977 6624 2073 314 2947 6052 7710 553 8670 4335 951 861 1644 7376 5532 4957
51 5037 975 5895 1836 4187 2825 6390 400 3748 9910 4692 982 5130 6365 7194 2972 6747 9052 2708 696 2639 780 6880 6038 9946 2410 2718 7319 9792 313 8516 9187 1693 5554 7230 7089 16 4005 4320 7889 3507 8620 4326 8822 4506 9239 9757 8080 5632 5055 4673
50 3243 631 6689 4815 8285 1458 7383 1076 9851 9000 7287 4151 3377 4668 9764 4862 5360 6652 9027 3940 9258 371 1889 5358 8681 1620 4173 5840 353 8391 7368 4466 1295 1219 3444 6790 7007 2776 8245 1789 6262 7737 1521 3336 5107 5759 7826 7603 6272 9853
51 7787 8669 7462 6923 7146 316 588 4372 2885 1241 633 3694 6090 5847 6017 1461 4254 5754 384 9257 3382 3777 764 9471 1086 8314 328 3589 4033 8548 3472 8885 3662 6524 421 2431 9131 9162 4351 2369 434 8762 9679 7084 9238 5498 9301 5072 444 2484 6612
47 2636 2550 527 234 2108 8913 259 3476 9321 2854 6120 210 3264 7926 150 4900 5300 3065 583 9433 1658 8844 1468 5204 3497 2342 4352 7054 5658 4182 1354 4255 7271 9996 6582 4299 9963 4614 2580 6035 1986 9366 8323 8641 4142 9153 5794
53 1247 4921 7445 3474 5598 8936 747 6545 5989 1884 8375 299 1830 4577 8097 5152 8211 221 6402 8081 2956 1621 1956 9644 166 7225 6562 9464 912 4823 2118 892 8582 8840 3428 9497 4700 651 2548 2197 9891 174 1244 950 3891 2680 8916 5902 126 958 7643 7981 3706
50 4217 155 9724 4376 7224 2847 9189 2494 7025 354 5944 4646 5190 6715 6438 7967 6202 489 3016 9019 2077 398 561 8027 3190 7085 7640 2863 2374 3247 1196 8272 1277 8578 8370 5930 6193 242 6229 4076 9397 8088 5997 976 8825 688 9661 2469 6770 8863
50 8053 1137 4774 470 1608 8944 1309 6431 2200 156 3604 5550 7374 2857 8901 342 3699 9279 1536 7985 5861 8258 7855 230 2737 7206 4345 5026 988 3490 4890 6159 8650 8769 7199 1572 9936 8673 1798 6109 8976 6098 2292 2165 8317 1429 8726 2377 570 8928
47 9274 5451 1077 7576 3003 4360 3758 5886 2148 874 9970 3917 4403 5246 8112 7653 3660 8660 6739 4742 663 2126 6722 1591 4705 768 4656 140 7823 6521 1851 5807 6475 6401 108 8500 539 709 9670 2482 6992 3327 4825 3486 8244 5556 8888
52 7481 2892 9964 435 9617 390 7418 3714 6450 3469 6835 471 3864 8324 5479 7847 4185 9058 2944 2890 1893 2030 4820 6465 4594 6303 1897 3937 8787 432 9463 7573 9077 7607 9120 8667 1967 6663 3025 2958 1290 2569 8438 6101 7881 6754 7618 934 6908 4723 6673 2232
49 7499 7747 1971 8296 4034 545 2178 842 3366 6022 3297 9969 7763 8215 7791 2707 1943 7197 4602 6821 2295 7557 2919 2362 6337 5239 3073 3617 4603 933 4362 8087 9760 8084 1297 8167 9563 4693 6794 5332 6885 2241 7993 5747 1756 8626 3111 7503 255
49 1345 7842 630 2254 4968 5524 7336 9880 1848 8671 8389 1707 6265 7357 6759 9307 4032 8793 8271 5134 399 1846 5455 2071 7252 9997 4427 3063 300 3131 5913 2043 6808 3234 9650 6831 8028 9488 276 8367 9537 7435 3756 6058 2116 2072 667 2820 2560
47 9299 7973 5192 6385 196 6813 7551 4956 9696 6369 5308 6751 6874 9094 270 7460 9435 5000 9269 1034 2710 7966 9894 4177 6152 2817 2781 9050 449 1425 2307 2970 4765 3288 4593 6701 1762 8401 5467 4250 8023 9494 413 4113 3475 8114 4649
45 3701 8521 8720 2405 9421 9789 2157 798 9155 7649 7390 3130 5668 7675 376 2075 4713 5234 7297 1070 437 3698 9857 2824 6168 7355 9521 7391 7354 9009 4499 8470 7943 1970 3339 1816 3655 7583 4227 6857 2747 6226 2261 3830 8124
50 1158 6775 4098 7098 4924 2996 3159 2604 6003 3884 4489 8381 9718 4940 7638 9011 6883 6277 9759 2277 7388 2796 7538 3473 575 2607 7906 5164 297 3718 2646 4660 6914 8711 2994 104 2650 356 2298 8906 3934 4258 7053 4440 5735 3333 1311 8597 1045 1082
49 8363 3067 4805 7554 6016 1202 5445 1916 9654 6066 6112 1673 1406 8400 133 9829 9251 1733 6972 8288 8065 980 8431 7817 4882 9520 5797 4966 6888 8710 3000 7731 6097 207 9223 5352 7262 3568 1964 4067 5157 8604 4598 9016 6208 3106 8686 9486 4946
46 4525 8507 7278 5044 484 9681 5171 1576 96 8972 6767 9175 169 243 1612 9531 3271 185 5394 1818 5237 44 7974 6057 5196 4307 3931 4086 847 2869 5061 5803 5097 9195 5403 9141 7815 3183 2434 8676 8513 7542 1495 6667 1023 7619
51 7692 826 6607 1010 5515 3434 8657 8993 2089 8106 524 8131 7844 5900 2194 6827 8721 6720 5850 9939 1365 7641 4969 2888 6482 2568 4746 8264 8342 6206 8049 9083 7113 9005 34 876 3449 6194 4546 5674 7523 4960 4035 2691 7761 7655 7369 5398 7165 3878 7903
50 9107 1006 6806 8665 6158 2271 8542 8240 4622 5893 1160 4247 4042 2049 2951 6143 5220 5715 130 7010 4202 7105 9637 9664 7685 1600 3647 4539 4891 3132 5746 307 7034 4370 8248 8187 8433 1002 5681 5022 7913 7003 7221 8994 6462 2297 9850 6409 2841 8546
49 9689 4412 8176 6847 7513 1095 7934 3200 7873 3726 2215 7870 2411 6371 6188 6791 1421 9021 3156 3765 9044 2324 1383 8045 9948 6487 1664 5543 635 9014 6412 5163 7832 9526 4196 4721 6387 3559 7163 7302 3478 6622 1117 9845 5539 6380 8076 2893 6298
49 1860 8298 8866 8599 3812 358 2227 1125 2803 6403 2088 8180 8329 1781 7581 9134 7347 3001 2449 3872 2162 8584 4784 7210 8703 59 1156 5088 6991 7931 4909 1114 2658 8903 4246 7963 8755 656 3654 2811 5603 4397 8680 9479 5775 6915 6843 6377 5957
47 7479 3871 1960 9338 7501 2421 7378 9122 6453 7672 6356 819 9578 2969 4473 3912 6227 3788 5085 9864 346 6641 8570 871 4761 1038 1516 3998 9368 3225 7827 5142 424 4851 4389 244 3852 189 7548 661 5158 9128 3565 6108 864 401 4093
50 814 7597 8341 760 7694 1642 9337 5950 9856 3145 999 7059 5193 4877 8109 9481 3797 386 5279 7291 2801 6733 4585 5244 7458 441 8565 114 8611 9741 8968 6761 7738 8649 3573 2317 5679 6693 6102 6319 7856 3687 6721 3066 6406 6753 7631 2274 4377 3195
51 923 9686 2757 3849 1631 7543 1823 8253 1265 2104 5606 2676 5198 2777 8852 9450 8009 1039 2500 966 2891 6513 4657 1490 232 741 6895 4561 2356 7598 5499 1618 9542 3560 5623 9030 3900 6400 6306 4394 6132 3182 5790 5650 367 5739 289 3296 369 9828 2622
51 6826 8214 1954 9743 8048 5295 4669 3224 1554 7238 3547 5839 5914 6757 2478 9025 4584 4198 6536 4788 199 9407 9413 4167 9519 4829 886 2051 8171 98 4311 1123 4273 8019 5038 9 6509 3889 8864 4997 7850 6311 7721 2256 909 46 3442 9216 6463 6440 1840
51 5821 9190 1895 9472 5954 8674 5475 6320 3139 7566 7498 2690 1404 4994 1187 3882 1363 9174 8498 473 4291 565 3088 348 6441 9032 4667 1980 6059 2809 6740 2177 4242 5261 5599 8958 4641 2060 1637 6717 4837 500 8937 6789 4712 3510 4558 3808 2466 697 3520
48 1634 2447 5297 1293 9869 1583 8043 2656 5231 8069 3075 2080 6934 1064 3026 9673 1377 6447 8544 4205 5233 8394 4014 5236 5082 2694 738 4509 7670 2220 4889 266 977 9208 8794 321 7725 833 2019 3616 4486 8921 1455 9074 6335 4911 9132 8508
48 9953 9199 8388 1629 8251 8727 9437 7352 1871 7941 9400 1610 443 3199 4907 1929 906 8445 4390 1339 6498 5570 1974 6116 1412 835 4731 3757 937 9928 9384 368 5106 9066 6008 1794 1728 6094 534 9606 8001 1282 916 4627 2381 7031 9529 2097
48 1147 9934 2535 4359 6248 1157 8922 2840 882 2309 7613 3511 3164 4115 7752 1475 2013 5216 4981 2770 5248 175 9614 7751 2315 2058 4459 7093 9593 3176 8078 1908 4425 7051 4769 8552 9876 7212 2971 8052 3583 6699 7944 2070 2186 9837 8666 568
51 3311 3479 6009 2638 1198 9324 8079 2095 1312 5229 9717 2489 5903 4385 5934 3883 2007 5546 6920 1829 6494 6321 452 4637 3403 5114 2789 8796 8010 2581 9642 4522 3628 1811 47 7043 5189 4722 986 2897 2145 9905 8895 6460 1347 8382 4951 9039 7164 4775 7698
49 5207 5615 6033 5789 4548 5284 9051 670 4031 7080 4442 9285 478 7182 2310 829 3821 3963 9586 7902 8800 5770 7338 1401 714 6478 3281 2642 533 4301 5994 7592 8588 1355 7947 1877 3533 1272 2916 4121 3010 1467 4704 4771 9600 4954 3684 581 4082
46 3692 2036 9954 9987 625 1476 580 3227 3284 5426 4515 9004 774 4935 5993 1183 2017 2003 9218 4631 2986 5583 6234 5251 2 4625 959 58 8566 9379 2064 6375 5960 7175 9855 8152 1888 3749 7395 6950 2029 9605 4461 775 1881 8938
51 3856 6686 1214 2933 1586 9318 6960 6590 3251 1839 7447 745 3021 1177 4608 6113 8424 706 9607 3002 4536 5883 7695 1896 2712 3354 7264 8287 4560 4574 2161 7860 1940 5017 9281 1688 8832 8325 8188 702 1689 6526 6466 6865 1392 6492 1504 2911 2714 4240 6677
53 2048 7928 1776 4015 7411 5401 5868 3653 1099 227 7213 8768 2219 8032 7239 3447 8014 1493 9813 9854 8489 9468 4152 8573 5030 7118 7500 9432 8101 1438 5483 8948 4714 3743 8505 6597 5335 7358 6225 650 383 4581 8841 9697 5662 5075 9981 5117 9256 2285 3408 1285 2501
45 9780 940 9758 6163 7637 3141 4928 1674 8233 6117 9073 426 3464 1632 8121 1998 7453 2735 8605 3189 4839 4419 1433 4736 7305 4209 3509 1883 8230 4918 4194 229 3259 4012 945 238 8918 8799 8867 3602 89 8119 6290 290 9657
49 6300 2492 5063 9233 7765 2026 5326 2308 8830 3611 2011 8015 467 1982 9505 572 7727 9515 3301 32 178 8894 4079 7740 1022 2483 4983 5275 1153 901 5909 772 1418 9671 8372 7634 7745 624 496 2766 2643 63 8247 213 1470 9381 1955 4406 6745
48 7795 2042 2652 4176 9017 5337 7532 6458 4158 5343 4638 2963 1222 7100 1134 5766 2504 1379 6261 3634 6891 4781 9317 4041 377 5465 292 6105 6393 1447 3329 6974 8092 9489 410 3407 4770 1291 4554 7759 2348 3343 9663 7277 4814 6706 7268 4795
49 3102 2578 5733 1028 3345 4022 8096 8851 2477 3488 1981 1905 2137 70 3850 7893 6968 3664 4842 7580 8988 3778 7086 4203 2360 4902 8297 1315 6929 2861 1873 2440 3729 1279 1838 5355 3051 4905 8752 2326 7011 1696 9898 1582 6187 9825 6592 69 2797
47 4400 9978 85 5203 8530 2283 2435 1366 6755 5559 6703 3838 4457 7736 3562 5585 2976 201 2949 5626 4719 7854 6364 1170 9601 4582 5023 3787 9560 1985 5698 4930 5961 7673 896 3627 8310 5817 7372 3613 9809 3985 7732 3153 6455 6013 4686
51 7505 5314 5155 1035 2001 4138 9690 2463 5600 7157 2736 9582 3594 1041 165 2101 5968 3070 2552 983 6075 541 7346 2272 7359 1318 9595 120 3144 758 5179 4605 2756 6093 8098 8425 6887 1349 5818 4192 5334 3228 7610 2453 420 1698 3412 4986 3129 3058 5815
51 1886 9040 5580 1876 4573 1463 2651 7586 4465 5219 5145 1054 889 1124 8041 9309 1042 3012 2563 548 5552 4318 5034 6276 3487 8865 8792 3552 8122 2221 2286 3645 3792 6495 4393 6313 637 4752 9008 6634 2008 5174 1278 1103 4970 5159 9636 3385 9378 9404 7351
51 1030 8021 1249 7569 4200 8259 8355 4123 3897 4856 6127 3595 7991 8493 9018 992 1 7635 7289 6483 2152 6941 8126 9511 8869 7223 6639 8785 1180 8415 8942 3018 1695 6799 2837 206 8403 7774 7490 8737 991 1058 39 1817 4220 9620 1703 5942 8116 9532 1729
45 7030 5472 1229 9926 7547 7909 7028 852 550 2213 101 2925 4537 4534 5757 6083 4502 5078 3658 8900 9079 7644 4110 7520 222 2155 5538 6082 9265 7186 1481 4850 9250 6167 1248 5822 8435 5941 6931 8532 9460 6196 9731 1910 8357
46 5497 4906 3857 6756 3162 141 9528 2845 9713 4322 2253 2794 4927 942 7409 1105 5891 4628 5428 8526 20 3974 4045 2542 2439 366 7990 1420 5863 1327 8771 7624 3064 3320 8934 7953 6461 6893 3848 2957 7431 4436 3052 1337 1989 7393
54 4476 3869 7952 4529 9444 4411 4863 7323 5153 4126 6560 4961 6237 9326 5527 1745 558 4873 1049 2509 6496 3056 2412 2547 5726 4847 5266 6484 4995 7798 5874 2705 1613 2429 4635 6779 3417 3379 8814 9138 2946 269 7840 5958 8886 6729 1509 6500 6310 3069 678 836 7259 3081
50 38 240 563 4821 8410 8409 8067 771 4596 5068 9097 3774 1548 1448 4190 4526 7148 8477 2649 9548 9727 2896 6473 3540 3959 1193 2119 2068 7269 8059 1566 5049 8850 7553 9761 8308 2247 2973 1044 2749 7283 4469 5707 2255 132 2120 9344 5518 4117 1083
48 9059 6784 6333 5649 7121 5050 692 5594 4943 2595 8617 9589 4130 5986 2637 8949 5785 7014 851 8677 1819 1048 5087 3894 3770 2686 6855 3429 3818 3238 4396 6777 7340 8174 507 9007 1014 9041 6723 8133 4319 6719 3828 7611 5929 109 3847 2954
49 7669 4513 7389 2284 6969 6600 894 302 1453 9504 769 8232 5772 1139 7126 2461 2203 8051 9771 2773 5440 2517 1887 2014 4172 8862 7218 4767 873 5443 2305 3711 6515 3582 3194 2386 3590 4658 2860 3691 1832 9065 2038 2987 4133 3275 8262 4332 350
46 710 793 4398 4934 360 2870 6245 4017 5685 2123 2022 9451 6357 6922 9003 6530 9517 6230 2561 6046 7869 7879 9068 1088 8590 7396 7936 1225 914 2258 479 8581 1786 6086 8234 9712 8870 2806 2402 2340 26 6711 806 6555 9703 3600
51 5230 8011 7615 4588 5447 258 7074 8012 4181 8687 2921 5595 5704 1973 7429 4007 5486 9893 8717 2140 2906 7651 4049 2940 1741 4225 3089 6897 1165 9360 2727 8456 4455 3096 2176 4051 5093 1302 7487 5545 7062 5712 2715 4480 6916 5843 6569 2725 4652 5357 536
50 4551 1360 6542 8518 128 6643 2610 8039 4462 8286 3556 1726 3048 4175 5873 2678 9184 731 3546 2150 1807 8348 669 9900 3099 6454 9373 1533 2160 1553 3080 1975 8062 3771 7668 5387 6327 6302 5621 5832 6434 7068 8855 593 2693 1736 447 7160 5115 1780
52 6664 1601 2922 8429 3206 3168 537 7247 3241 5607 6426 5333 3355 2303 9647 3426 6864 9055 9466 237 6647 8483 721 6554 3525 1950 9675 3768 682 4270 9172 9453 8708 4811 8282 5064 4162 41 4843 110 2634 5939 8250 4926 2945 609 5732 6710 2225 6136 7574 3739
47 147 1537 4672 2281 3028 3226 8956 4381 8200 9349 4758 9286 783 7000 6470 8575 8627 9431 6588 740 3702 5128 6251 83 2252 138 6583 2774 6126 5442 9323 7419 472 1719 8195 9550 2556 559 1694 7679 1192 1109 7189 5976 1426 4849 6594
50 6995 6436 5376 1747 9456 9967 1541 925 7141 6316 4725 9099 7331 921 8991 4369 794 4735 7220 5315 5256 2879 2438 3193 260 4772 6731 6785 4833 9282 2084 3643 4945 3744 9046 1662 2249 5362 2895 3860 3163 2456 2557 7809 18 9580 5328 2417 5620 4695
47 5003 595 7254 3530 3386 1949 2468 6037 7204 7095 1140 9474 8943 3880 5162 1590 3076 4063 3401 5549 9498 5405 4568 3873 2536 9033 7863 3669 511 713 6043 8743 1381 8146 2942 4975 6735 5206 2131 6909 2420 5103 5940 562 2090 8983 3110
47 5616 2533 1460 6379 5880 3396 6629 249 8293 6183 8107 9211 6068 6986 3394 587 5470 6822 9291 4378 418 4226 7715 2185 4559 6660 7606 7600 3588 5591 6074 5741 8003 145 2133 7404 7407 4358 275 7711 4374 2246 6195 813 2280 917 3728
51 5126 3121 9818 6644 1482 5745 1626 1567 597 7528 8926 3120 6516 7055 6294 8123 838 7156 1831 703 3276 9596 246 5768 5166 6801 1262 6838 5859 1682 5760 4262 1909 7341 9214 7382 9632 3146 5052 8142 6448 4087 6578 9682 9945 8909 9010 4639 7626 8212 1796
