6 8890 1433 8061 9398 756 2202
4 8773 3778 4325 4983
5 7013 1422 3161 1893 4177
3 2384 3669 1114
4 8670 1721 1546 7160
5 4679 8786 1956 1935 3063
4 719 533 4636 6018
5 6252 2056 9914 4820 7590
8 1135 2406 2670 3980 631 9484 9099 1293
5 1178 6293 1660 4321 6148
5 7109 6327 871 5573 6127
7 563 6220 97 582 9258 8971 9004
7 3654 921 4772 2433 2344 8080 4133
7 6031 6245 9158 7267 4730 9528 2300
3 7468 3216 240
7 3696 6567 584 7904 654 6477 9829
5 7227 6600 440 7833 1575
3 2418 5176 2448
6 3578 6647 1736 7835 1594 1009
5 9121 4939 7497 1092 807
5 2015 2112 8667 1018 9069
4 6321 553 5742 432
7 9550 4404 2343 589 8170 6482 6819
7 6403 935 3507 2204 7367 7718 7053
5 7716 3135 6124 4000 5376
2 2176 7621
5 8758 5377 6247 7655 8778
5 8227 2777 5505 4172 2840
7 7913 9289 4249 1041 605 2298 2627
4 9913 7373 3439 1545
5 3647 8793 9865 3028 5434
3 3321 641 1642
3 1105 2981 9520
8 8878 6053 1676 8160 3389 9600 447 8543
7 311 2216 3117 7483 7056 6214 722
3 6039 7760 5272
5 4829 7383 5898 1899 1456
5 7948 3828 6935 4510 1380
8 9449 332 5917 7516 6226 441 251 1931
5 5991 8721 2582 1481 5652
6 5649 7579 2693 8107 5412 9569
4 2736 4925 8929 6999
3 7325 946 89
7 8184 7534 2021 905 7850 4140 6439
8 8578 5156 8780 9444 723 2795 6958 3289
4 3202 8679 0 9792
4 7862 6125 7015 7410
4 8965 8998 3367 1304
4 9459 2678 2593 5599
6 3358 3163 3519 148 2334 8499
7 1563 7438 5394 3650 3548 1633 3723
3 3708 249 3638
8 549 3990 9735 6904 8284 3213 4275 6782
9 1776 864 3116 5910 78 2155 2310 6555 8905
4 8967 3178 8276 6509
9 2735 6694 6004 5662 8244 1322 9726 948 7487
5 1192 2308 2092 2806 2225
4 9927 3320 6761 7182
5 5480 155 5330 7476 7304
5 7575 8031 5802 5348 750
7 4948 4624 6526 7176 4898 3324 7899
5 4644 313 4802 5281 3478
6 6912 5437 6699 7844 5580 2609
4 2573 486 3310 2586
5 5983 9732 9615 7524 4978
8 768 2512 7867 388 742 5608 4054 7667
3 3608 2620 4049
5 2718 4144 7892 8893 6242
5 6377 8767 2462 5961 5891
5 2297 384 9663 5147 3464
5 7804 6129 3020 1579 1242
5 666 1695 9999 5044 5894
6 3580 1323 9869 376 2177 3277
7 3147 3338 5481 7195 8935 5828 204
3 306 1131 6665
4 4887 3359 3741 7289
3 2591 6845 322
5 7957 1724 1959 5557 5578
6 8711 5426 2851 4082 31 8124
4 8088 7408 4763 762
6 3090 8564 7768 378 7609 3870
3 5982 6614 3749
3 7110 6217 4281
3 476 8914 2007
9 1560 3333 9845 5674 8099 9862 1478 1225 8377
6 1803 2075 594 558 9184 9599
7 7108 8167 1831 1525 6894 6817 5485
3 2660 4390 5460
4 1399 8886 1126 1087
5 1209 7711 2782 6090 4779
4 3539 1936 8278 5037
8 9313 9979 2523 6173 5919 3889 6322 3644
4 5091 4148 4261 2773
3 1880 7688 8862
3 4027 4580 8947
3 1817 1940 5003
2 4796 8718
4 8071 4373 6365 9956
8 5934 8029 5540 5679 1286 1108 5604 3350
5 1778 5317 8975 26 6840
5 9954 8357 1659 455 4473
5 4011 2768 995 3206 3223
5 364 3689 4361 1645 443
3 1855 7228 1636
8 3055 3540 6430 8809 129 2481 3304 6342
6 1874 4274 6581 6499 6611 1939
6 6745 6729 2191 8048 3864 6911
5 9483 539 6249 3844 3737
5 5332 8815 9055 9451 7979
8 4058 7864 8546 9826 8946 9338 535 1680
3 8306 3252 7168
6 499 3731 8745 3312 8581 7983
4 4411 3061 14 4844
3 6544 9540 5900
5 6879 5664 6225 2379 2172
3 1973 5067 226
6 1040 1773 9804 5260 6692 2669
6 873 3278 600 446 831 7105
4 7929 6208 2857 4417
7 1269 874 6222 3145 1772 143 1088
3 7355 4074 218
6 368 9474 7753 6355 3180 3619
4 2212 5950 1144 3633
5 9925 7528 7059 8622 8308
8 4435 3104 3433 9238 2237 6530 706 8279
5 3936 7720 54 4735 7241
3 5903 7121 7288
3 2053 7744 3533
6 3381 6678 470 4751 4298 5544
2 8192 7458
6 9563 7028 8111 8822 1847 5293
6 7347 4532 6602 9788 9301 2509
3 7346 4868 3042
5 4467 7680 7520 3552 3504
4 7444 4100 8762 9608
4 1208 2710 389 7713
2 3291 3207
5 9252 928 4573 4438 8019
4 9864 5344 4949 6976
2 9287 6465
5 7779 4523 8885 4753 707
2 8563 495
6 8292 9463 1908 2099 5533 3825
4 3760 9542 8828 5840
3 3362 9693 5362
10 1273 3168 6239 8995 2115 592 5136 1542 2698 1823
8 4078 6740 2382 7150 2805 6564 5325 3120
8 6381 1492 4863 81 4625 7741 1427 7036
3 1159 4823 3313
5 9251 1682 3472 4600 1705
6 4758 4066 315 1685 8047 6241
1 7206
3 5441 258 2697
3 8303 4005 6518
8 5245 493 7113 9880 3630 2091 9220 7625
2 1339 7577
6 1194 9071 4559 262 73 7146
4 3614 9658 3705 2594
6 474 3651 5711 4819 2709 1374
6 9349 9784 8006 2902 9661 2886
2 6527 9097
6 8950 8459 2825 7014 8000 6467
2 6517 1003
2 4471 3679
4 4717 8661 9509 8722
4 6190 4998 5896 2853
6 7657 7020 4450 9049 5084 2032
8 6541 5295 6484 4087 8565 6259 6323 3927
8 1867 2166 8348 5764 5072 9588 1367 9849
3 9377 6014 1562
3 1376 4530 7784
1 3560
7 8102 9636 2984 5864 3272 6212 5286
7 2944 4184 5914 3256 7771 5949 4042
5 7464 7153 5776 2993 5047
8 3693 7553 8464 3751 4614 2931 911 5819
2 1381 7376
6 4352 8028 8881 8248 1303 2677
6 5018 9901 8892 2000 7316 6834
3 1002 5064 1190
2 1000 5108
2 492 685
4 6822 4877 908 3861
2 5071 410
3 2758 926 5937
7 1992 6654 1177 379 4810 1216 5883
9 5717 2026 7934 1016 5908 1816 6501 8275 9568
8 7119 8739 507 8895 7285 2812 3041 181
2 2887 7700
5 3371 8489 9385 9360 5020
8 4309 3655 318 454 6397 8356 4210 4766
2 4941 4241
7 7952 4084 1046 9436 3809 9336 2936
3 5226 7943 8654
5 6466 9581 6200 174 8433
2 7581 8106
4 4214 4255 3088 437
6 7561 7210 210 9740 7100 8414
2 2528 2457
5 4520 6298 5625 9533 6104
1 7433
4 4070 7815 1356 2544
4 8968 4900 6158 3838
2 6686 3712
8 5868 1384 4507 559 819 5080 5842 8119
4 5371 3330 9048 7968
6 2247 5615 3910 2486 1060 8740
5 7284 2876 3166 8726 1120
4 5693 8073 5969 2411
4 2288 4612 4240 5198
3 1067 4191 7467
5 4048 2125 6382 5 8949
3 1319 8994 6288
4 7613 6520 6481 9277
4 9763 1400 1213 7673
9 187 489 8848 3325 7143 4212 1119 8702 3620
5 3030 5954 5169 1998 7937
8 5970 6633 2742 7239 4043 2499 5813 4622
4 9044 2549 9648 8838
2 8824 2540
3 2346 4500 6191
9 2695 1860 7557 8785 4924 4135 6281 3265 9676
6 3629 6662 1142 881 8422 2337
1 978
5 6670 3555 4065 7522 7969
6 5324 4475 8902 943 2050 1923
7 6412 8024 3512 3315 9489 8095 3431
1 7632
4 622 3334 6960 8808
9 7070 2589 6536 1459 6830 6169 9697 7069 2138
1 6753
4 5562 8599 4599 2502
8 1757 3257 6645 4415 3027 1385 8411 5536
5 1146 288 4051 7563 764
3 4646 2858 1185
6 9084 7196 6907 9919 7432 8046
5 3193 5658 8526 4412 5758
2 2939 3755
8 568 6135 2198 2178 8239 940 7218 8430
5 2061 8792 9138 3905 9910
4 5553 6362 5683 6559
8 1978 400 6825 285 8010 7658 6717 4158
5 7684 6560 4380 4996 9967
4 872 7519 9146 2953
7 3442 7799 854 8373 8200 8934 1285
8 2519 8509 3557 9836 4340 8672 5373 8606
2 4469 8126
5 4006 8016 2966 5159 9909
5 1023 3337 4952 3792 4378
9 303 6529 9267 415 2893 4419 8619 1983 3656
5 6663 8086 1625 4493 4483
6 2465 6160 2147 9897 2265 4432
4 6913 2495 3827 1056
4 9186 7997 8251 6624
2 1529 1022
8 6724 3430 4029 2330 6363 7280 8365 4127
3 3341 9057 2983
3 4528 6371 3111
3 1555 8206 9304
2 8596 4095
4 375 7329 3566 5886
3 7909 8923 8503
6 9847 3311 2881 7882 9530 3525
8 4379 4842 5920 643 9462 1554 1118 3730
6 6198 3758 448 4736 1905 9719
3 23 1442 3887
3 8253 6914 8556
3 9824 5130 107
5 4494 1024 8571 6207 3427
9 8731 1113 9586 3940 3173 1789 7450 3965 7173
3 7122 3187 6441
3 1844 1751 8625
3 1626 4977 9739
8 6901 7064 9744 8353 5909 1486 9840 4320
5 1138 4788 7248 7362 4492
2 1246 5254
5 9619 9649 4317 9601 2070
7 4071 8587 3739 6319 9153 8139 1764
8 8204 457 767 613 4385 6108 2289 4987
8 3607 2008 4629 7501 1342 3081 2629 3850
4 9346 4022 9552 6300
4 2866 8340 4122 9281
4 4588 4727 6005 9642
8 8520 7314 657 938 2142 4465 5597 3897
2 7025 690
4 2412 2524 8891 8825
8 3167 1228 8410 7068 5794 2615 3298 9677
4 9249 5164 9921 4363
5 8719 7536 1878 1699 8908
2 9868 298
7 8477 9090 7662 1037 3890 3571 4961
2 773 913
3 2751 4604 7133
1 8730
4 4838 264 8070 4277
1 4557
1 8727
1 820
4 9019 8525 4052 4193
2 180 464
7 1515 5971 1697 8991 5975 5401 5563
4 233 6855 6889 1439
8 734 4387 9030 9751 3767 5997 2820 4678
1 7678
4 3729 5498 5296 3856
4 6515 1808 1341 4662
4 4301 1426 4220 7565
7 4150 6884 3740 2359 1821 3742 9467
2 2430 6
8 1005 6735 5593 7924 6102 229 6250 6933
4 7453 8900 5895 9878
3 1206 5985 3134
8 9675 9402 5017 7342 538 6801 5151 3903
9 2917 5161 442 4709 320 1666 6792 329 4695
6 6228 3138 1252 7387 835 5647
3 6591 2747 4968
4 7379 6197 7788 3288
4 7075 7623 6445 6978
2 5968 4799
8 2883 5858 3066 6597 8334 8632 7368 9770
4 3225 8568 8156 2579
3 7061 6621 1691
3 4138 5404 888
4 3230 205 3868 3688
2 9723 9206
1 4793
8 3549 9920 8940 8038 257 1713 6514 7950
3 7809 6988 242
3 7147 2491 5461
6 8290 6634 3694 5705 4181 8199
8 6607 209 4854 9229 964 5470 7836 7986
8 268 7320 9702 967 1071 1706 4971 3284
3 8788 3964 7051
7 7891 2338 7679 6495 6072 5812 3975
4 8605 4468 836 6934
6 2717 2122 134 5570 4337 5078
2 7773 6060
3 310 8982 702
4 6463 2096 8078 1375
7 7088 9109 5847 6301 9966 9664 8490
8 3253 3409 4830 3205 698 2269 7127 5646
9 4839 5222 7585 8173 8326 3926 2822 4757 7374
2 2445 6995
7 7956 726 2132 3986 1316 879 6994
9 4525 8395 4511 4657 408 5877 3733 6470 1107
4 7399 211 7482 6768
4 4329 5980 393 4091
7 3008 5517 2470 3829 3508 5561 2463
4 1922 8230 8538 1573
2 3491 794
4 6238 3515 18 9573
4 6610 7050 1180 1982
2 5059 7460
6 9752 6794 6410 6480 923 5416
3 7990 3703 6170
8 8329 3245 1970 6133 4470 8077 3388 4189
4 1785 9750 7496 5855
5 957 1406 2690 8402 3347
7 8342 9503 39 6462 4572 9986 4901
1 1344
3 3709 9883 4292
4 3086 6256 6335 8666
6 9216 5491 4107 156 6143 9439
4 6965 8447 2171 9359
3 7972 8986 805
3 5444 5811 1646
4 2541 2018 2474 6093
2 4836 9803
5 1143 4768 5221 8836 7878
7 700 5721 6762 624 4936 7947 8508
3 4420 360 869
4 8553 9653 9507 1622
4 1061 3728 9814 2134
6 3307 7911 9011 3530 1284 6096
8 713 7198 9613 9817 7094 7767 188 4846
2 5513 1347
5 5343 2649 5979 6010 79
4 9418 7589 2879 5501
5 6744 8473 7157 6229 5339
8 6831 8458 7097 7971 4942 3091 9541 998
7 9985 1430 4584 9403 6145 3702 9834
3 5478 8888 900
6 9140 1421 8188 5635 798 1015
6 9679 7318 9495 6583 1586 2597
3 1027 2815 6603
7 789 6076 7078 9372 7859 3407 5423
1 4818
2 9515 1446
9 2316 2774 3368 8245 9072 2063 5048 7181 1887
3 3824 9257 7017
9 5192 1512 825 5124 9624 7125 5589 2998 4243
3 5780 427 962
5 8189 7546 1140 6311 2865
4 7506 7290 5661 6227
5 9579 1428 5763 7600 2530
4 6150 5626 2951 2691
6 8840 5307 2706 894 9519 1652
5 4687 6877 6340 8330 7601
9 1315 6424 3779 9100 6548 2214 2487 9764 2839
6 7401 3527 5887 4744 766 4399
