3 0 50 71
3 296 89 37
3 180 286 265
3 216 295 252
3 167 277 155
3 54 299 12
3 85 193 196
3 212 48 186
3 116 101 247
3 249 207 215
3 75 38 256
3 168 241 206
4 108 32 117 97
3 259 197 51
3 87 225 16
3 80 119 9
3 164 102 266
3 103 232 126
4 41 44 138 211
3 275 91 154
3 294 56 205
3 184 129 35
3 148 73 189
3 127 25 100
4 161 263 83 169
3 13 177 47
3 162 140 194
3 203 202 250
3 95 157 233
3 213 3 31
3 260 236 257
3 88 14 135
4 110 188 64 78
4 159 209 45 66
4 34 261 163 182
4 276 128 268 143
3 72 24 181
3 62 239 142
3 290 230 289
2 285 288
2 133 141
3 156 23 30
2 92 98
2 15 59
3 8 27 176
2 63 223
3 273 237 120
4 136 28 191 151
3 4 187 219
2 107 152
2 7 112
3 74 190 77
5 210 40 86 93 2
4 96 147 291 175
3 282 22 55
3 150 298 262
2 271 297
3 218 131 278
5 58 267 166 287 165
3 105 61 192
3 227 158 49
3 245 172 292
3 19 26 145
2 125 104
3 137 160 178
3 134 82 94
3 226 195 153
3 21 269 279
2 68 238
3 224 109 69
2 185 228
3 144 42 132
2 121 20
4 220 29 253 123
3 214 235 115
2 18 106
3 244 5 52
3 284 81 130
2 111 208
3 246 201 231
4 99 217 124 17
3 60 254 1
4 39 76 199 270
2 243 255
3 171 70 280
2 281 272
2 198 293
2 11 264
2 258 240
2 113 67
3 204 90 84
2 114 149
2 200 43
1 242
3 79 6 251
4 174 122 248 46
3 57 283 173
3 170 118 229
2 10 274
3 146 139 183
